DR_Module_NN.f90(22): error #8284: If the actual argument is scalar, the dummy argument shall be scalar unless the actual argument is of type character or is an element of an array that is not assumed shape, pointer, or polymorphic.   [INPUT]
  result = NN%output(T)
-----------^
DR_Module_NN.f90(22): error #6634: The shape matching rules of actual arguments and dummy arguments have been violated.   [T]
  result = NN%output(T)
---------------------^
compilation aborted for DR_Module_NN.f90 (code 1)
DR_Module_NN.f90(10): error #7002: Error in opening the compiled module file.  Check INCLUDE paths.   [MOD_ENSEMBLE]
  use mod_ensemble, only: ensemble_type
------^
DR_Module_NN.f90(23): error #8284: If the actual argument is scalar, the dummy argument shall be scalar unless the actual argument is of type character or is an element of an array that is not assumed shape, pointer, or polymorphic.   [INPUT]
  result = NN%output(T)
-----------^
DR_Module_NN.f90(23): error #6634: The shape matching rules of actual arguments and dummy arguments have been violated.   [T]
  result = NN%output(T)
---------------------^
DR_Module_NN.f90(10): error #6580: Name in only-list does not exist or is not accessible.   [ENSEMBLE_TYPE]
  use mod_ensemble, only: ensemble_type
--------------------------^
compilation aborted for DR_Module_NN.f90 (code 1)
DR_Module_NN.f90(10): error #7002: Error in opening the compiled module file.  Check INCLUDE paths.   [MOD_ENSEMBLE]
  use mod_ensemble, only: ensemble_type
------^
DR_Module_NN.f90(10): error #6580: Name in only-list does not exist or is not accessible.   [ENSEMBLE_TYPE]
  use mod_ensemble, only: ensemble_type
--------------------------^
compilation aborted for DR_Module_NN.f90 (code 1)
